{"/home/midt/repos/CodeBnb/repos.js": {"path":"/home/midt/repos/CodeBnb/repos.js","statementMap":{"0":{"start":{"line":1,"column":18},"end":{"line":1,"column":35}},"1":{"start":{"line":2,"column":16},"end":{"line":2,"column":35}},"2":{"start":{"line":3,"column":15},"end":{"line":3,"column":39}},"3":{"start":{"line":5,"column":12},"end":{"line":5,"column":34}},"4":{"start":{"line":7,"column":15},"end":{"line":10,"column":2}},"5":{"start":{"line":12,"column":0},"end":{"line":15,"column":3}},"6":{"start":{"line":18,"column":23},"end":{"line":18,"column":42}},"7":{"start":{"line":19,"column":34},"end":{"line":19,"column":64}},"8":{"start":{"line":20,"column":24},"end":{"line":20,"column":68}},"9":{"start":{"line":21,"column":24},"end":{"line":21,"column":44}},"10":{"start":{"line":25,"column":4},"end":{"line":25,"column":37}},"11":{"start":{"line":26,"column":4},"end":{"line":31,"column":7}},"12":{"start":{"line":37,"column":4},"end":{"line":46,"column":7}},"13":{"start":{"line":38,"column":6},"end":{"line":38,"column":46}},"14":{"start":{"line":39,"column":6},"end":{"line":45,"column":9}},"15":{"start":{"line":40,"column":8},"end":{"line":43,"column":9}},"16":{"start":{"line":41,"column":10},"end":{"line":41,"column":46}},"17":{"start":{"line":42,"column":10},"end":{"line":42,"column":22}},"18":{"start":{"line":44,"column":8},"end":{"line":44,"column":18}},"19":{"start":{"line":51,"column":4},"end":{"line":51,"column":42}},"20":{"start":{"line":52,"column":4},"end":{"line":59,"column":67}},"21":{"start":{"line":58,"column":16},"end":{"line":58,"column":55}},"22":{"start":{"line":59,"column":20},"end":{"line":59,"column":64}},"23":{"start":{"line":62,"column":2},"end":{"line":71,"column":5}},"24":{"start":{"line":66,"column":4},"end":{"line":66,"column":48}},"25":{"start":{"line":67,"column":4},"end":{"line":67,"column":75}},"26":{"start":{"line":70,"column":4},"end":{"line":70,"column":47}},"27":{"start":{"line":75,"column":2},"end":{"line":88,"column":5}},"28":{"start":{"line":76,"column":4},"end":{"line":76,"column":66}},"29":{"start":{"line":77,"column":4},"end":{"line":87,"column":7}},"30":{"start":{"line":82,"column":6},"end":{"line":82,"column":19}},"31":{"start":{"line":84,"column":16},"end":{"line":84,"column":38}},"32":{"start":{"line":85,"column":6},"end":{"line":85,"column":97}},"33":{"start":{"line":86,"column":6},"end":{"line":86,"column":18}},"34":{"start":{"line":91,"column":0},"end":{"line":94,"column":1}}},"fnMap":{"0":{"name":"initializeCandidate","decl":{"start":{"line":17,"column":9},"end":{"line":17,"column":28}},"loc":{"start":{"line":17,"column":37},"end":{"line":72,"column":1}},"line":17},"1":{"name":"createRepo","decl":{"start":{"line":24,"column":11},"end":{"line":24,"column":21}},"loc":{"start":{"line":24,"column":24},"end":{"line":32,"column":3}},"line":24},"2":{"name":"cloneTemplateRepo","decl":{"start":{"line":36,"column":11},"end":{"line":36,"column":28}},"loc":{"start":{"line":36,"column":31},"end":{"line":47,"column":3}},"line":36},"3":{"name":"(anonymous_3)","decl":{"start":{"line":37,"column":23},"end":{"line":37,"column":24}},"loc":{"start":{"line":37,"column":44},"end":{"line":46,"column":5}},"line":37},"4":{"name":"(anonymous_4)","decl":{"start":{"line":39,"column":334},"end":{"line":39,"column":335}},"loc":{"start":{"line":39,"column":359},"end":{"line":45,"column":7}},"line":39},"5":{"name":"grantCollaboratorAccess","decl":{"start":{"line":50,"column":11},"end":{"line":50,"column":34}},"loc":{"start":{"line":50,"column":37},"end":{"line":60,"column":3}},"line":50},"6":{"name":"(anonymous_6)","decl":{"start":{"line":58,"column":10},"end":{"line":58,"column":11}},"loc":{"start":{"line":58,"column":15},"end":{"line":58,"column":56}},"line":58},"7":{"name":"(anonymous_7)","decl":{"start":{"line":59,"column":11},"end":{"line":59,"column":12}},"loc":{"start":{"line":59,"column":19},"end":{"line":59,"column":65}},"line":59},"8":{"name":"(anonymous_8)","decl":{"start":{"line":65,"column":8},"end":{"line":65,"column":9}},"loc":{"start":{"line":65,"column":14},"end":{"line":68,"column":3}},"line":65},"9":{"name":"(anonymous_9)","decl":{"start":{"line":69,"column":9},"end":{"line":69,"column":10}},"loc":{"start":{"line":69,"column":18},"end":{"line":71,"column":3}},"line":69},"10":{"name":"removeCollaboratorAccess","decl":{"start":{"line":74,"column":9},"end":{"line":74,"column":33}},"loc":{"start":{"line":74,"column":42},"end":{"line":89,"column":1}},"line":74},"11":{"name":"(anonymous_11)","decl":{"start":{"line":75,"column":21},"end":{"line":75,"column":22}},"loc":{"start":{"line":75,"column":42},"end":{"line":88,"column":3}},"line":75},"12":{"name":"(anonymous_12)","decl":{"start":{"line":81,"column":12},"end":{"line":81,"column":13}},"loc":{"start":{"line":81,"column":19},"end":{"line":83,"column":5}},"line":81},"13":{"name":"(anonymous_13)","decl":{"start":{"line":83,"column":13},"end":{"line":83,"column":14}},"loc":{"start":{"line":83,"column":20},"end":{"line":87,"column":5}},"line":83}},"branchMap":{"0":{"loc":{"start":{"line":40,"column":8},"end":{"line":43,"column":9}},"type":"if","locations":[{"start":{"line":40,"column":8},"end":{"line":43,"column":9}},{"start":{"line":40,"column":8},"end":{"line":43,"column":9}}],"line":40}},"s":{"0":1,"1":1,"2":1,"3":1,"4":1,"5":1,"6":0,"7":0,"8":0,"9":0,"10":0,"11":0,"12":0,"13":0,"14":0,"15":0,"16":0,"17":0,"18":0,"19":0,"20":0,"21":0,"22":0,"23":0,"24":0,"25":0,"26":0,"27":0,"28":0,"29":0,"30":0,"31":0,"32":0,"33":0,"34":1},"f":{"0":0,"1":0,"2":0,"3":0,"4":0,"5":0,"6":0,"7":0,"8":0,"9":0,"10":0,"11":0,"12":0,"13":0},"b":{"0":[0,0]},"_coverageSchema":"332fd63041d2c1bcb487cc26dd0d5f7d97098a6c","hash":"465b68577dee4500382878a9e6fab345d144ec6d"}
}
