TN:
SF:/home/midt/repos/CodeBnb/repos.js
FN:17,initializeCandidate
FN:24,createRepo
FN:36,cloneTemplateRepo
FN:37,(anonymous_3)
FN:39,(anonymous_4)
FN:50,grantCollaboratorAccess
FN:58,(anonymous_6)
FN:59,(anonymous_7)
FN:65,(anonymous_8)
FN:69,(anonymous_9)
FN:74,removeCollaboratorAccess
FN:75,(anonymous_11)
FN:81,(anonymous_12)
FN:83,(anonymous_13)
FNF:14
FNH:0
FNDA:0,initializeCandidate
FNDA:0,createRepo
FNDA:0,cloneTemplateRepo
FNDA:0,(anonymous_3)
FNDA:0,(anonymous_4)
FNDA:0,grantCollaboratorAccess
FNDA:0,(anonymous_6)
FNDA:0,(anonymous_7)
FNDA:0,(anonymous_8)
FNDA:0,(anonymous_9)
FNDA:0,removeCollaboratorAccess
FNDA:0,(anonymous_11)
FNDA:0,(anonymous_12)
FNDA:0,(anonymous_13)
DA:1,1
DA:2,1
DA:3,1
DA:5,1
DA:7,1
DA:12,1
DA:18,0
DA:19,0
DA:20,0
DA:21,0
DA:25,0
DA:26,0
DA:37,0
DA:38,0
DA:39,0
DA:40,0
DA:41,0
DA:42,0
DA:44,0
DA:51,0
DA:52,0
DA:58,0
DA:59,0
DA:62,0
DA:66,0
DA:67,0
DA:70,0
DA:75,0
DA:76,0
DA:77,0
DA:82,0
DA:84,0
DA:85,0
DA:86,0
DA:91,1
LF:35
LH:7
BRDA:40,0,0,0
BRDA:40,0,1,0
BRF:2
BRH:0
end_of_record
